Using pre-set license
Built from '2022.3/staging' branch; Version is '2022.3.19f1 (244b723c30a6) revision 2378610'; Using compiler version '192829333'; Build Type 'Release'
OS: 'Windows 11  (10.0.22631) 64bit Professional' Language: 'ru' Physical Memory: 32609 MB
BatchMode: 1, IsHumanControllingUs: 0, StartBugReporterOnCrash: 0, Is64bit: 1, IsPro: 1

COMMAND LINE ARGUMENTS:
C:\Program Files\Unity\Hub\Editor\2022.3.19f1\Editor\Unity.exe
-adb2
-batchMode
-noUpm
-name
AssetImportWorker0
-projectPath
C:/WORKY IVAN/Unity/Diplom_game/Diplom_game
-logFile
Logs/AssetImportWorker0.log
-srvPort
55736
Successfully changed project path to: C:/WORKY IVAN/Unity/Diplom_game/Diplom_game
C:/WORKY IVAN/Unity/Diplom_game/Diplom_game
[UnityMemory] Configuration Parameters - Can be set up in boot.config
    "memorysetup-bucket-allocator-granularity=16"
    "memorysetup-bucket-allocator-bucket-count=8"
    "memorysetup-bucket-allocator-block-size=33554432"
    "memorysetup-bucket-allocator-block-count=8"
    "memorysetup-main-allocator-block-size=16777216"
    "memorysetup-thread-allocator-block-size=16777216"
    "memorysetup-gfx-main-allocator-block-size=16777216"
    "memorysetup-gfx-thread-allocator-block-size=16777216"
    "memorysetup-cache-allocator-block-size=4194304"
    "memorysetup-typetree-allocator-block-size=2097152"
    "memorysetup-profiler-bucket-allocator-granularity=16"
    "memorysetup-profiler-bucket-allocator-bucket-count=8"
    "memorysetup-profiler-bucket-allocator-block-size=33554432"
    "memorysetup-profiler-bucket-allocator-block-count=8"
    "memorysetup-profiler-allocator-block-size=16777216"
    "memorysetup-profiler-editor-allocator-block-size=1048576"
    "memorysetup-temp-allocator-size-main=16777216"
    "memorysetup-job-temp-allocator-block-size=2097152"
    "memorysetup-job-temp-allocator-block-size-background=1048576"
    "memorysetup-job-temp-allocator-reduction-small-platforms=262144"
    "memorysetup-allocator-temp-initial-block-size-main=262144"
    "memorysetup-allocator-temp-initial-block-size-worker=262144"
    "memorysetup-temp-allocator-size-background-worker=32768"
    "memorysetup-temp-allocator-size-job-worker=262144"
    "memorysetup-temp-allocator-size-preload-manager=33554432"
    "memorysetup-temp-allocator-size-nav-mesh-worker=65536"
    "memorysetup-temp-allocator-size-audio-worker=65536"
    "memorysetup-temp-allocator-size-cloud-worker=32768"
    "memorysetup-temp-allocator-size-gi-baking-worker=262144"
    "memorysetup-temp-allocator-size-gfx=262144"
Player connection [9260] Host "[IP] 192.168.3.56 [Port] 0 [Flags] 2 [Guid] 2129432306 [EditorId] 2129432306 [Version] 1048832 [Id] WindowsEditor(7,ZvezdaOfDeath) [Debug] 1 [PackageName] WindowsEditor [ProjectName] Editor" joined multi-casting on [225.0.0.222:54997]...

Player connection [9260] Host "[IP] 192.168.3.56 [Port] 0 [Flags] 2 [Guid] 2129432306 [EditorId] 2129432306 [Version] 1048832 [Id] WindowsEditor(7,ZvezdaOfDeath) [Debug] 1 [PackageName] WindowsEditor [ProjectName] Editor" joined alternative multi-casting on [225.0.0.222:34997]...

[Physics::Module] Initialized MultithreadedJobDispatcher with 11 workers.
Refreshing native plugins compatible for Editor in 7.81 ms, found 4 plugins.
Preloading 0 native plugins for Editor in 0.00 ms.
Initialize engine version: 2022.3.19f1 (244b723c30a6)
[Subsystems] Discovering subsystems at path C:/Program Files/Unity/Hub/Editor/2022.3.19f1/Editor/Data/Resources/UnitySubsystems
[Subsystems] Discovering subsystems at path C:/WORKY IVAN/Unity/Diplom_game/Diplom_game/Assets
GfxDevice: creating device client; threaded=0; jobified=0
Direct3D:
    Version:  Direct3D 11.0 [level 11.1]
    Renderer: NVIDIA GeForce RTX 4060 (ID=0x2882)
    Vendor:   NVIDIA
    VRAM:     7957 MB
    Driver:   31.0.15.5244
Initialize mono
Mono path[0] = 'C:/Program Files/Unity/Hub/Editor/2022.3.19f1/Editor/Data/Managed'
Mono path[1] = 'C:/Program Files/Unity/Hub/Editor/2022.3.19f1/Editor/Data/MonoBleedingEdge/lib/mono/unityjit-win32'
Mono config path = 'C:/Program Files/Unity/Hub/Editor/2022.3.19f1/Editor/Data/MonoBleedingEdge/etc'
Using monoOptions --debugger-agent=transport=dt_socket,embedding=1,server=y,suspend=n,address=127.0.0.1:56492
Begin MonoManager ReloadAssembly
Registering precompiled unity dll's ...
Register platform support module: C:/Program Files/Unity/Hub/Editor/2022.3.19f1/Editor/Data/PlaybackEngines/WindowsStandaloneSupport/UnityEditor.WindowsStandalone.Extensions.dll
Registered in 0.003729 seconds.
- Loaded All Assemblies, in  0.284 seconds
Native extension for WindowsStandalone target not found
Mono: successfully reloaded assembly
- Finished resetting the current domain, in  0.244 seconds
Domain Reload Profiling: 528ms
	BeginReloadAssembly (90ms)
		ExecutionOrderSort (0ms)
		DisableScriptedObjects (0ms)
		BackupInstance (0ms)
		ReleaseScriptingObjects (0ms)
		CreateAndSetChildDomain (1ms)
	RebuildCommonClasses (31ms)
	RebuildNativeTypeToScriptingClass (8ms)
	initialDomainReloadingComplete (43ms)
	LoadAllAssembliesAndSetupDomain (111ms)
		LoadAssemblies (89ms)
		RebuildTransferFunctionScriptingTraits (0ms)
		AnalyzeDomain (110ms)
			TypeCache.Refresh (109ms)
				TypeCache.ScanAssembly (98ms)
			ScanForSourceGeneratedMonoScriptInfo (0ms)
			ResolveRequiredComponents (0ms)
	FinalizeReload (244ms)
		ReleaseScriptCaches (0ms)
		RebuildScriptCaches (0ms)
		SetupLoadedEditorAssemblies (194ms)
			LogAssemblyErrors (0ms)
			InitializePlatformSupportModulesInManaged (8ms)
			SetLoadedEditorAssemblies (6ms)
			RefreshPlugins (0ms)
			BeforeProcessingInitializeOnLoad (2ms)
			ProcessInitializeOnLoadAttributes (133ms)
			ProcessInitializeOnLoadMethodAttributes (44ms)
			AfterProcessingInitializeOnLoad (0ms)
			EditorAssembliesLoaded (0ms)
		ExecutionOrderSort2 (0ms)
		AwakeInstancesAfterBackupRestoration (0ms)
========================================================================
Worker process is ready to serve import requests
Begin MonoManager ReloadAssembly
- Loaded All Assemblies, in  0.595 seconds
Refreshing native plugins compatible for Editor in 2.97 ms, found 4 plugins.
Native extension for WindowsStandalone target not found
Package Manager log level set to [2]
[Package Manager] Server::EnsureServerProcessIsRunning -- launch failed, reason: Unity was launched with the -noUpm command-line argument
[Package Manager] UpmClient::Send -- Unable to send message (not connected to UPM process).
[Package Manager] Cannot connect to Unity Package Manager local server
Mono: successfully reloaded assembly
- Finished resetting the current domain, in  0.622 seconds
Domain Reload Profiling: 1216ms
	BeginReloadAssembly (129ms)
		ExecutionOrderSort (0ms)
		DisableScriptedObjects (5ms)
		BackupInstance (0ms)
		ReleaseScriptingObjects (0ms)
		CreateAndSetChildDomain (20ms)
	RebuildCommonClasses (26ms)
	RebuildNativeTypeToScriptingClass (8ms)
	initialDomainReloadingComplete (37ms)
	LoadAllAssembliesAndSetupDomain (393ms)
		LoadAssemblies (267ms)
		RebuildTransferFunctionScriptingTraits (0ms)
		AnalyzeDomain (198ms)
			TypeCache.Refresh (161ms)
				TypeCache.ScanAssembly (147ms)
			ScanForSourceGeneratedMonoScriptInfo (28ms)
			ResolveRequiredComponents (8ms)
	FinalizeReload (622ms)
		ReleaseScriptCaches (0ms)
		RebuildScriptCaches (0ms)
		SetupLoadedEditorAssemblies (468ms)
			LogAssemblyErrors (0ms)
			InitializePlatformSupportModulesInManaged (5ms)
			SetLoadedEditorAssemblies (5ms)
			RefreshPlugins (0ms)
			BeforeProcessingInitializeOnLoad (69ms)
			ProcessInitializeOnLoadAttributes (314ms)
			ProcessInitializeOnLoadMethodAttributes (71ms)
			AfterProcessingInitializeOnLoad (3ms)
			EditorAssembliesLoaded (0ms)
		ExecutionOrderSort2 (0ms)
		AwakeInstancesAfterBackupRestoration (5ms)
Launched and connected shader compiler UnityShaderCompiler.exe after 0.03 seconds
Refreshing native plugins compatible for Editor in 2.44 ms, found 4 plugins.
Preloading 0 native plugins for Editor in 0.00 ms.
Unloading 5690 Unused Serialized files (Serialized files now loaded: 0)
Unloading 85 unused Assets / (351.5 KB). Loaded Objects now: 6150.
Memory consumption went from 220.2 MB to 219.9 MB.
Total: 3.427100 ms (FindLiveObjects: 0.358300 ms CreateObjectMapping: 0.186600 ms MarkObjects: 2.685300 ms  DeleteObjects: 0.195300 ms)

AssetImportParameters requested are different than current active one (requested -> active):
  custom:container-demuxer-ogg: 62fdf1f143b41e24485cea50d1cbac27 -> 
  custom:video-codec-MediaFoundation-h265: 746d11721c4dcdbdad8f713fa42b33f4 -> 
  custom:video-decoder-ogg-theora: a1e56fd34408186e4bbccfd4996cb3dc -> 
  custom:framework-win-MediaFoundation: 216162199b28c13a410421893ffa2e32 -> 
  custom:CustomObjectIndexerAttribute: 62b5816608c3102f162a1797e29626cf -> 
  custom:container-demuxer-webm: 4f35f7cbe854078d1ac9338744f61a02 -> 
  custom:container-muxer-webm: aa71ff27fc2769a1b78a27578f13a17b -> 
  custom:video-decoder-webm-vp8: 9c59270c3fd7afecdb556c50c9e8de78 -> 
  custom:SearchIndexIgnoredProperties: e643bd26f0fe6173181afceb89e7c659 -> 
  custom:AudioImporter_EditorPlatform: d09bf68614088b80899f8185d706f6e7 -> 
  custom:video-encoder-webm-vp8: eb34c28f22e8b96e1ab97ce403110664 -> 
  custom:audio-decoder-ogg-vorbis: bf7c407c2cedff20999df2af8eb42d56 -> 
  custom:audio-encoder-webm-vorbis: bf7c407c2cedff20999df2af8eb42d56 -> 
========================================================================
Received Import Request.
  Time since last request: 177166.447337 seconds.
  path: Assets/Prefabs/RoomS/Room 2.prefab
  artifactKey: Guid(bba10e12c31648247a33c75b1e9e4688) Importer(815301076,1909f56bfc062723c751e8b465ee728b)
Start importing Assets/Prefabs/RoomS/Room 2.prefab using Guid(bba10e12c31648247a33c75b1e9e4688) Importer(815301076,1909f56bfc062723c751e8b465ee728b)  -> (artifact id: 'cb3093323f32c6d806d2d78a57e52952') in 0.247152 seconds
Number of updated asset objects reloaded before import = 0
Number of asset objects unloaded after import = 918
========================================================================
Received Import Request.
  Time since last request: 1.522976 seconds.
  path: Assets/Prefabs/RoomS/Room 2.prefab
  artifactKey: Guid(bba10e12c31648247a33c75b1e9e4688) Importer(815301076,1909f56bfc062723c751e8b465ee728b)
Start importing Assets/Prefabs/RoomS/Room 2.prefab using Guid(bba10e12c31648247a33c75b1e9e4688) Importer(815301076,1909f56bfc062723c751e8b465ee728b)  -> (artifact id: '55a8e2ae992a21f11169dbfd3cd0251a') in 0.027873 seconds
Number of updated asset objects reloaded before import = 0
Number of asset objects unloaded after import = 913
========================================================================
Received Import Request.
  Time since last request: 1.170978 seconds.
  path: Assets/Prefabs/RoomS/Room 2.prefab
  artifactKey: Guid(bba10e12c31648247a33c75b1e9e4688) Importer(815301076,1909f56bfc062723c751e8b465ee728b)
Start importing Assets/Prefabs/RoomS/Room 2.prefab using Guid(bba10e12c31648247a33c75b1e9e4688) Importer(815301076,1909f56bfc062723c751e8b465ee728b)  -> (artifact id: '5e051b703620c67014c9c116bf4d9c80') in 0.026553 seconds
Number of updated asset objects reloaded before import = 0
Number of asset objects unloaded after import = 909
========================================================================
Received Import Request.
  Time since last request: 4.604061 seconds.
  path: Assets/Prefabs/RoomS/Room 2.prefab
  artifactKey: Guid(bba10e12c31648247a33c75b1e9e4688) Importer(815301076,1909f56bfc062723c751e8b465ee728b)
Start importing Assets/Prefabs/RoomS/Room 2.prefab using Guid(bba10e12c31648247a33c75b1e9e4688) Importer(815301076,1909f56bfc062723c751e8b465ee728b)  -> (artifact id: '84fa24e1ff3969b3920587e8071972ce') in 0.038843 seconds
Number of updated asset objects reloaded before import = 0
Number of asset objects unloaded after import = 905
========================================================================
Received Import Request.
  Time since last request: 6.003594 seconds.
  path: Assets/Prefabs/RoomS/Room 2.prefab
  artifactKey: Guid(bba10e12c31648247a33c75b1e9e4688) Importer(815301076,1909f56bfc062723c751e8b465ee728b)
Start importing Assets/Prefabs/RoomS/Room 2.prefab using Guid(bba10e12c31648247a33c75b1e9e4688) Importer(815301076,1909f56bfc062723c751e8b465ee728b)  -> (artifact id: '6e62153abd7391da878e31500e95105e') in 0.033224 seconds
Number of updated asset objects reloaded before import = 0
Number of asset objects unloaded after import = 905
========================================================================
Received Import Request.
  Time since last request: 10.041695 seconds.
  path: Assets/Prefabs/RoomS/Room 2.prefab
  artifactKey: Guid(bba10e12c31648247a33c75b1e9e4688) Importer(815301076,1909f56bfc062723c751e8b465ee728b)
Start importing Assets/Prefabs/RoomS/Room 2.prefab using Guid(bba10e12c31648247a33c75b1e9e4688) Importer(815301076,1909f56bfc062723c751e8b465ee728b)  -> (artifact id: 'e33dd24a506e16ffb367e9c5b90b71ae') in 0.032385 seconds
Number of updated asset objects reloaded before import = 0
Number of asset objects unloaded after import = 905
========================================================================
Received Import Request.
  Time since last request: 0.552063 seconds.
  path: Assets/Prefabs/RoomS/Room 2.prefab
  artifactKey: Guid(bba10e12c31648247a33c75b1e9e4688) Importer(815301076,1909f56bfc062723c751e8b465ee728b)
Start importing Assets/Prefabs/RoomS/Room 2.prefab using Guid(bba10e12c31648247a33c75b1e9e4688) Importer(815301076,1909f56bfc062723c751e8b465ee728b)  -> (artifact id: 'b1f1b21ee054d5ddb0577bac1e4512ad') in 0.043398 seconds
Number of updated asset objects reloaded before import = 0
Number of asset objects unloaded after import = 905
========================================================================
Received Import Request.
  Time since last request: 10.237549 seconds.
  path: Assets/Prefabs/RoomS/Room 2.prefab
  artifactKey: Guid(bba10e12c31648247a33c75b1e9e4688) Importer(815301076,1909f56bfc062723c751e8b465ee728b)
Start importing Assets/Prefabs/RoomS/Room 2.prefab using Guid(bba10e12c31648247a33c75b1e9e4688) Importer(815301076,1909f56bfc062723c751e8b465ee728b)  -> (artifact id: '3afe470d87323420a020677d1af0b376') in 0.035121 seconds
Number of updated asset objects reloaded before import = 0
Number of asset objects unloaded after import = 905
========================================================================
Received Import Request.
  Time since last request: 2.577264 seconds.
  path: Assets/Prefabs/RoomS/Room 2.prefab
  artifactKey: Guid(bba10e12c31648247a33c75b1e9e4688) Importer(815301076,1909f56bfc062723c751e8b465ee728b)
Start importing Assets/Prefabs/RoomS/Room 2.prefab using Guid(bba10e12c31648247a33c75b1e9e4688) Importer(815301076,1909f56bfc062723c751e8b465ee728b)  -> (artifact id: '17545188b78410a6beded277519d76a5') in 0.033889 seconds
Number of updated asset objects reloaded before import = 0
Number of asset objects unloaded after import = 905
========================================================================
Received Import Request.
  Time since last request: 12.080282 seconds.
  path: Assets/Prefabs/RoomS/Room 2.prefab
  artifactKey: Guid(bba10e12c31648247a33c75b1e9e4688) Importer(815301076,1909f56bfc062723c751e8b465ee728b)
Start importing Assets/Prefabs/RoomS/Room 2.prefab using Guid(bba10e12c31648247a33c75b1e9e4688) Importer(815301076,1909f56bfc062723c751e8b465ee728b)  -> (artifact id: 'b7c9779a027d929de30438ce360c3af8') in 0.033317 seconds
Number of updated asset objects reloaded before import = 0
Number of asset objects unloaded after import = 905
========================================================================
Received Import Request.
  Time since last request: 591.158388 seconds.
  path: Assets/Prefabs/RoomS/Room 2.prefab
  artifactKey: Guid(bba10e12c31648247a33c75b1e9e4688) Importer(815301076,1909f56bfc062723c751e8b465ee728b)
Start importing Assets/Prefabs/RoomS/Room 2.prefab using Guid(bba10e12c31648247a33c75b1e9e4688) Importer(815301076,1909f56bfc062723c751e8b465ee728b)  -> (artifact id: 'b3bada0aa9df612e82d784f6a831bb6f') in 0.040793 seconds
Number of updated asset objects reloaded before import = 0
Number of asset objects unloaded after import = 905
